C:\Users\Admin\Desktop\CyberProject\CreateProcessLink\Release\cl.command.1.tlog
C:\Users\Admin\Desktop\CyberProject\CreateProcessLink\Release\CL.read.1.tlog
C:\Users\Admin\Desktop\CyberProject\CreateProcessLink\Release\CL.write.1.tlog
C:\USERS\ADMIN\DESKTOP\CYBERPROJECT\CREATEPROCESSLINK\RELEASE\CREATEPROCESSLINK.DLL.INTERMEDIATE.MANIFEST
C:\USERS\ADMIN\DESKTOP\CYBERPROJECT\CREATEPROCESSLINK\RELEASE\CREATEPROCESSLINK.OBJ
C:\Users\Admin\Desktop\CyberProject\CreateProcessLink\Release\CreateProcessLink.vcxprojResolveAssemblyReference.cache
C:\Users\Admin\Desktop\CyberProject\CreateProcessLink\Release\CreateProcessLink.write.1.tlog
C:\Users\Admin\Desktop\CyberProject\CreateProcessLink\Release\link.command.1.tlog
C:\Users\Admin\Desktop\CyberProject\CreateProcessLink\Release\link.read.1.tlog
C:\Users\Admin\Desktop\CyberProject\CreateProcessLink\Release\link.write.1.tlog
C:\Users\Admin\Desktop\CyberProject\CreateProcessLink\Release\mt.command.1.tlog
C:\Users\Admin\Desktop\CyberProject\CreateProcessLink\Release\mt.read.1.tlog
C:\Users\Admin\Desktop\CyberProject\CreateProcessLink\Release\mt.write.1.tlog
C:\USERS\ADMIN\DESKTOP\CYBERPROJECT\CREATEPROCESSLINK\RELEASE\VC100.PDB
C:\USERS\ADMIN\DESKTOP\CYBERPROJECT\RELEASE\CREATEPROCESSLINK.DLL
C:\USERS\ADMIN\DESKTOP\CYBERPROJECT\RELEASE\CREATEPROCESSLINK.PDB
E:\CYBERPROJECT\CREATEPROCESSLINK\RELEASE\CREATEPROCESSLINK.DLL.INTERMEDIATE.MANIFEST
E:\CYBERPROJECT\CREATEPROCESSLINK\RELEASE\CREATEPROCESSLINK.OBJ
E:\CYBERPROJECT\CREATEPROCESSLINK\RELEASE\VC100.PDB
E:\CYBERPROJECT\RELEASE\CREATEPROCESSLINK.DLL
E:\CYBERPROJECT\RELEASE\CREATEPROCESSLINK.PDB
G:\CYBERPROJECT\CREATEPROCESSLINK\RELEASE\CREATEPROCESSLINK.DLL.INTERMEDIATE.MANIFEST
G:\CYBERPROJECT\CREATEPROCESSLINK\RELEASE\CREATEPROCESSLINK.OBJ
G:\CYBERPROJECT\CREATEPROCESSLINK\RELEASE\VC100.PDB
G:\CYBERPROJECT\RELEASE\CREATEPROCESSLINK.DLL
G:\CYBERPROJECT\RELEASE\CREATEPROCESSLINK.PDB
