C:\USERS\ADMIN\DESKTOP\CYBERPROJECT\RELEASE\SERVER.EXE
C:\USERS\ADMIN\DESKTOP\CYBERPROJECT\RELEASE\SERVER.PDB
C:\Users\Admin\Desktop\CyberProject\Server\Release\cl.command.1.tlog
C:\Users\Admin\Desktop\CyberProject\Server\Release\CL.read.1.tlog
C:\Users\Admin\Desktop\CyberProject\Server\Release\CL.write.1.tlog
C:\Users\Admin\Desktop\CyberProject\Server\Release\link.command.1.tlog
C:\Users\Admin\Desktop\CyberProject\Server\Release\link.read.1.tlog
C:\Users\Admin\Desktop\CyberProject\Server\Release\link.write.1.tlog
C:\Users\Admin\Desktop\CyberProject\Server\Release\mt.command.1.tlog
C:\Users\Admin\Desktop\CyberProject\Server\Release\mt.read.1.tlog
C:\Users\Admin\Desktop\CyberProject\Server\Release\mt.write.1.tlog
C:\USERS\ADMIN\DESKTOP\CYBERPROJECT\SERVER\RELEASE\SERVER.EXE.INTERMEDIATE.MANIFEST
C:\USERS\ADMIN\DESKTOP\CYBERPROJECT\SERVER\RELEASE\SERVER.OBJ
C:\Users\Admin\Desktop\CyberProject\Server\Release\Server.vcxprojResolveAssemblyReference.cache
C:\Users\Admin\Desktop\CyberProject\Server\Release\Server.write.1.tlog
C:\USERS\ADMIN\DESKTOP\CYBERPROJECT\SERVER\RELEASE\VC100.PDB
C:\USERS\ADMIN\DESKTOP\CYBERPROJECT2010\RELEASE\SERVER.EXE
C:\USERS\ADMIN\DESKTOP\CYBERPROJECT2010\RELEASE\SERVER.PDB
C:\USERS\ADMIN\DESKTOP\CYBERPROJECT2010\SERVER\RELEASE\SERVER.EXE.INTERMEDIATE.MANIFEST
C:\USERS\ADMIN\DESKTOP\CYBERPROJECT2010\SERVER\RELEASE\SERVER.OBJ
C:\USERS\ADMIN\DESKTOP\CYBERPROJECT2010\SERVER\RELEASE\VC100.PDB
C:\USERS\ADMIN\DESKTOP\NEW FOLDER\CYBERPROJECT\RELEASE\SERVER.EXE
C:\USERS\ADMIN\DESKTOP\NEW FOLDER\CYBERPROJECT\RELEASE\SERVER.PDB
C:\USERS\ADMIN\DESKTOP\NEW FOLDER\CYBERPROJECT\SERVER\RELEASE\SERVER.EXE.INTERMEDIATE.MANIFEST
C:\USERS\ADMIN\DESKTOP\NEW FOLDER\CYBERPROJECT\SERVER\RELEASE\SERVER.OBJ
C:\USERS\ADMIN\DESKTOP\NEW FOLDER\CYBERPROJECT\SERVER\RELEASE\VC100.PDB
E:\CYBERPROJECT\RELEASE\SERVER.EXE
E:\CYBERPROJECT\RELEASE\SERVER.PDB
E:\CYBERPROJECT\SERVER\RELEASE\SERVER.EXE.INTERMEDIATE.MANIFEST
E:\CYBERPROJECT\SERVER\RELEASE\SERVER.OBJ
E:\CYBERPROJECT\SERVER\RELEASE\VC100.PDB
