C:\Users\Admin\Desktop\CyberProject\CreateFileLink\Release\cl.command.1.tlog
C:\Users\Admin\Desktop\CyberProject\CreateFileLink\Release\CL.read.1.tlog
C:\Users\Admin\Desktop\CyberProject\CreateFileLink\Release\CL.write.1.tlog
C:\USERS\ADMIN\DESKTOP\CYBERPROJECT\CREATEFILELINK\RELEASE\CREATEFILELINK.DLL.INTERMEDIATE.MANIFEST
C:\USERS\ADMIN\DESKTOP\CYBERPROJECT\CREATEFILELINK\RELEASE\CREATEFILELINK.OBJ
C:\Users\Admin\Desktop\CyberProject\CreateFileLink\Release\CreateFileLink.write.1.tlog
C:\Users\Admin\Desktop\CyberProject\CreateFileLink\Release\link.command.1.tlog
C:\Users\Admin\Desktop\CyberProject\CreateFileLink\Release\link.read.1.tlog
C:\Users\Admin\Desktop\CyberProject\CreateFileLink\Release\link.write.1.tlog
C:\Users\Admin\Desktop\CyberProject\CreateFileLink\Release\mt.command.1.tlog
C:\Users\Admin\Desktop\CyberProject\CreateFileLink\Release\mt.read.1.tlog
C:\Users\Admin\Desktop\CyberProject\CreateFileLink\Release\mt.write.1.tlog
C:\USERS\ADMIN\DESKTOP\CYBERPROJECT\CREATEFILELINK\RELEASE\VC100.PDB
C:\USERS\ADMIN\DESKTOP\CYBERPROJECT\RELEASE\CREATEFILELINK.DLL
C:\USERS\ADMIN\DESKTOP\CYBERPROJECT\RELEASE\CREATEFILELINK.PDB
C:\USERS\ADMIN\DESKTOP\NEW FOLDER\CYBERPROJECT\CREATEFILELINK\RELEASE\CREATEFILELINK.DLL.INTERMEDIATE.MANIFEST
C:\USERS\ADMIN\DESKTOP\NEW FOLDER\CYBERPROJECT\CREATEFILELINK\RELEASE\CREATEFILELINK.OBJ
C:\USERS\ADMIN\DESKTOP\NEW FOLDER\CYBERPROJECT\CREATEFILELINK\RELEASE\VC100.PDB
C:\USERS\ADMIN\DESKTOP\NEW FOLDER\CYBERPROJECT\RELEASE\CREATEFILELINK.DLL
C:\USERS\ADMIN\DESKTOP\NEW FOLDER\CYBERPROJECT\RELEASE\CREATEFILELINK.PDB
E:\CYBERPROJECT\CREATEFILELINK\RELEASE\CREATEFILELINK.DLL.INTERMEDIATE.MANIFEST
E:\CYBERPROJECT\CREATEFILELINK\RELEASE\CREATEFILELINK.OBJ
E:\CYBERPROJECT\CREATEFILELINK\RELEASE\VC100.PDB
E:\CYBERPROJECT\RELEASE\CREATEFILELINK.DLL
E:\CYBERPROJECT\RELEASE\CREATEFILELINK.PDB
G:\CYBERPROJECT\CREATEFILELINK\RELEASE\CREATEFILELINK.DLL.INTERMEDIATE.MANIFEST
G:\CYBERPROJECT\CREATEFILELINK\RELEASE\CREATEFILELINK.OBJ
G:\CYBERPROJECT\CREATEFILELINK\RELEASE\VC100.PDB
G:\CYBERPROJECT\RELEASE\CREATEFILELINK.DLL
G:\CYBERPROJECT\RELEASE\CREATEFILELINK.PDB
