C:\USERS\ADMIN\DESKTOP\CYBERPROJECT\RELEASE\TRAMPOLINE.DLL
C:\Users\Admin\Desktop\CyberProject\Release\Trampoline.exp
C:\Users\Admin\Desktop\CyberProject\Release\Trampoline.lib
C:\USERS\ADMIN\DESKTOP\CYBERPROJECT\RELEASE\TRAMPOLINE.PDB
C:\Users\Admin\Desktop\CyberProject\Trampoline\Release\cl.command.1.tlog
C:\Users\Admin\Desktop\CyberProject\Trampoline\Release\CL.read.1.tlog
C:\Users\Admin\Desktop\CyberProject\Trampoline\Release\CL.write.1.tlog
C:\USERS\ADMIN\DESKTOP\CYBERPROJECT\TRAMPOLINE\RELEASE\CPU.OBJ
C:\USERS\ADMIN\DESKTOP\CYBERPROJECT\TRAMPOLINE\RELEASE\DISASM.OBJ
C:\USERS\ADMIN\DESKTOP\CYBERPROJECT\TRAMPOLINE\RELEASE\DISASM_X86.OBJ
C:\Users\Admin\Desktop\CyberProject\Trampoline\Release\link.command.1.tlog
C:\Users\Admin\Desktop\CyberProject\Trampoline\Release\link.read.1.tlog
C:\Users\Admin\Desktop\CyberProject\Trampoline\Release\link.write.1.tlog
C:\USERS\ADMIN\DESKTOP\CYBERPROJECT\TRAMPOLINE\RELEASE\MHOOK.OBJ
C:\USERS\ADMIN\DESKTOP\CYBERPROJECT\TRAMPOLINE\RELEASE\MISC.OBJ
C:\Users\Admin\Desktop\CyberProject\Trampoline\Release\mt.command.1.tlog
C:\Users\Admin\Desktop\CyberProject\Trampoline\Release\mt.read.1.tlog
C:\Users\Admin\Desktop\CyberProject\Trampoline\Release\mt.write.1.tlog
C:\USERS\ADMIN\DESKTOP\CYBERPROJECT\TRAMPOLINE\RELEASE\TRAMPOLINE.DLL.INTERMEDIATE.MANIFEST
C:\Users\Admin\Desktop\CyberProject\Trampoline\Release\Trampoline.vcxprojResolveAssemblyReference.cache
C:\Users\Admin\Desktop\CyberProject\Trampoline\Release\Trampoline.write.1.tlog
C:\USERS\ADMIN\DESKTOP\CYBERPROJECT\TRAMPOLINE\RELEASE\VC100.PDB
C:\USERS\ADMIN\DESKTOP\NEW FOLDER\CYBERPROJECT\RELEASE\TRAMPOLINE.DLL
C:\Users\Admin\Desktop\New folder\CyberProject\Release\Trampoline.exp
C:\Users\Admin\Desktop\New folder\CyberProject\Release\Trampoline.lib
C:\USERS\ADMIN\DESKTOP\NEW FOLDER\CYBERPROJECT\RELEASE\TRAMPOLINE.PDB
C:\USERS\ADMIN\DESKTOP\NEW FOLDER\CYBERPROJECT\TRAMPOLINE\RELEASE\CPU.OBJ
C:\USERS\ADMIN\DESKTOP\NEW FOLDER\CYBERPROJECT\TRAMPOLINE\RELEASE\DISASM.OBJ
C:\USERS\ADMIN\DESKTOP\NEW FOLDER\CYBERPROJECT\TRAMPOLINE\RELEASE\DISASM_X86.OBJ
C:\USERS\ADMIN\DESKTOP\NEW FOLDER\CYBERPROJECT\TRAMPOLINE\RELEASE\MHOOK.OBJ
C:\USERS\ADMIN\DESKTOP\NEW FOLDER\CYBERPROJECT\TRAMPOLINE\RELEASE\MISC.OBJ
C:\USERS\ADMIN\DESKTOP\NEW FOLDER\CYBERPROJECT\TRAMPOLINE\RELEASE\TRAMPOLINE.DLL.INTERMEDIATE.MANIFEST
C:\USERS\ADMIN\DESKTOP\NEW FOLDER\CYBERPROJECT\TRAMPOLINE\RELEASE\VC100.PDB
E:\CYBERPROJECT\RELEASE\TRAMPOLINE.DLL
E:\CyberProject\Release\Trampoline.exp
E:\CyberProject\Release\Trampoline.lib
E:\CYBERPROJECT\RELEASE\TRAMPOLINE.PDB
E:\CYBERPROJECT\TRAMPOLINE\RELEASE\CPU.OBJ
E:\CYBERPROJECT\TRAMPOLINE\RELEASE\DISASM.OBJ
E:\CYBERPROJECT\TRAMPOLINE\RELEASE\DISASM_X86.OBJ
E:\CYBERPROJECT\TRAMPOLINE\RELEASE\MHOOK.OBJ
E:\CYBERPROJECT\TRAMPOLINE\RELEASE\MISC.OBJ
E:\CYBERPROJECT\TRAMPOLINE\RELEASE\TRAMPOLINE.DLL.INTERMEDIATE.MANIFEST
E:\CYBERPROJECT\TRAMPOLINE\RELEASE\VC100.PDB
